fev. 06, 2026 10:17:44 AM liquibase.changelog
INFO: Reading resource: db/changelog/migrations/db.changelog-202408191938.sql
fev. 06, 2026 10:17:44 AM liquibase.changelog
INFO: Reading resource: db/changelog/migrations/db.changelog-202408210954.sql
fev. 06, 2026 10:17:44 AM liquibase.changelog
INFO: Reading resource: db/changelog/migrations/db.changelog-202408211004.sql
fev. 06, 2026 10:17:44 AM liquibase.changelog
INFO: Reading resource: db/changelog/migrations/db.changelog-202408211005.sql
fev. 06, 2026 10:17:44 AM liquibase.changelog
INFO: Reading resource: db/changelog/migrations/db.changelog-202408281807.sql
fev. 06, 2026 10:17:45 AM liquibase.changelog
INFO: Reading from board.DATABASECHANGELOG
Database is up to date, no changesets to execute
fev. 06, 2026 10:17:45 AM liquibase.changelog
INFO: Reading from board.DATABASECHANGELOG

UPDATE SUMMARY
Run:                          0
Previously run:               5
Filtered out:                 0
-------------------------------
Total change sets:            5

fev. 06, 2026 10:17:45 AM liquibase.util
INFO: UPDATE SUMMARY
fev. 06, 2026 10:17:45 AM liquibase.util
INFO: Run:                          0
fev. 06, 2026 10:17:45 AM liquibase.util
INFO: Previously run:               5
fev. 06, 2026 10:17:45 AM liquibase.util
INFO: Filtered out:                 0
fev. 06, 2026 10:17:45 AM liquibase.util
INFO: -------------------------------
fev. 06, 2026 10:17:45 AM liquibase.util
INFO: Total change sets:            5
fev. 06, 2026 10:17:45 AM liquibase.util
INFO: Update summary generated
fev. 06, 2026 10:17:45 AM liquibase.lockservice
INFO: Successfully released change log lock
fev. 06, 2026 10:17:45 AM liquibase.command
INFO: Command execution complete
